[debug] [2026-01-23T02:12:38.319Z] ----------------------------------------------------------------------
[debug] [2026-01-23T02:12:38.320Z] Command:       /Users/mohoaj/.nvm/versions/node/v22.21.1/bin/node /Users/mohoaj/.npm-global/bin/firebase deploy --only functions
[debug] [2026-01-23T02:12:38.321Z] CLI Version:   15.0.0
[debug] [2026-01-23T02:12:38.321Z] Platform:      darwin
[debug] [2026-01-23T02:12:38.321Z] Node Version:  v22.21.1
[debug] [2026-01-23T02:12:38.321Z] Time:          Thu Jan 22 2026 21:12:38 GMT-0500 (Eastern Standard Time)
[debug] [2026-01-23T02:12:38.321Z] ----------------------------------------------------------------------
[debug] 
[debug] [2026-01-23T02:12:39.110Z] > command requires scopes: ["email","openid","https://www.googleapis.com/auth/cloudplatformprojects.readonly","https://www.googleapis.com/auth/firebase","https://www.googleapis.com/auth/cloud-platform"]
[debug] [2026-01-23T02:12:39.111Z] > authorizing via signed-in user (nuralhuda.co@gmail.com)
[debug] [2026-01-23T02:12:39.111Z] [iam] checking project tarbiyah-sms-staging for permissions ["cloudfunctions.functions.create","cloudfunctions.functions.delete","cloudfunctions.functions.get","cloudfunctions.functions.list","cloudfunctions.functions.update","cloudfunctions.operations.get","firebase.projects.get"]
[debug] [2026-01-23T02:12:39.111Z] Checked if tokens are valid: true, expires at: 1769137042708
[debug] [2026-01-23T02:12:39.111Z] Checked if tokens are valid: true, expires at: 1769137042708
[debug] [2026-01-23T02:12:39.111Z] >>> [apiv2][query] POST https://cloudresourcemanager.googleapis.com/v1/projects/tarbiyah-sms-staging:testIamPermissions [none]
[debug] [2026-01-23T02:12:39.111Z] >>> [apiv2][(partial)header] POST https://cloudresourcemanager.googleapis.com/v1/projects/tarbiyah-sms-staging:testIamPermissions x-goog-quota-user=projects/tarbiyah-sms-staging
[debug] [2026-01-23T02:12:39.111Z] >>> [apiv2][body] POST https://cloudresourcemanager.googleapis.com/v1/projects/tarbiyah-sms-staging:testIamPermissions {"permissions":["cloudfunctions.functions.create","cloudfunctions.functions.delete","cloudfunctions.functions.get","cloudfunctions.functions.list","cloudfunctions.functions.update","cloudfunctions.operations.get","firebase.projects.get"]}
[debug] [2026-01-23T02:12:39.395Z] <<< [apiv2][status] POST https://cloudresourcemanager.googleapis.com/v1/projects/tarbiyah-sms-staging:testIamPermissions 200
[debug] [2026-01-23T02:12:39.395Z] <<< [apiv2][body] POST https://cloudresourcemanager.googleapis.com/v1/projects/tarbiyah-sms-staging:testIamPermissions {"permissions":["cloudfunctions.functions.create","cloudfunctions.functions.delete","cloudfunctions.functions.get","cloudfunctions.functions.list","cloudfunctions.functions.update","cloudfunctions.operations.get","firebase.projects.get"]}
[debug] [2026-01-23T02:12:39.395Z] Checked if tokens are valid: true, expires at: 1769137042708
[debug] [2026-01-23T02:12:39.395Z] Checked if tokens are valid: true, expires at: 1769137042708
[debug] [2026-01-23T02:12:39.396Z] >>> [apiv2][query] POST https://iam.googleapis.com/v1/projects/tarbiyah-sms-staging/serviceAccounts/tarbiyah-sms-staging@appspot.gserviceaccount.com:testIamPermissions [none]
[debug] [2026-01-23T02:12:39.396Z] >>> [apiv2][body] POST https://iam.googleapis.com/v1/projects/tarbiyah-sms-staging/serviceAccounts/tarbiyah-sms-staging@appspot.gserviceaccount.com:testIamPermissions {"permissions":["iam.serviceAccounts.actAs"]}
[debug] [2026-01-23T02:12:39.647Z] <<< [apiv2][status] POST https://iam.googleapis.com/v1/projects/tarbiyah-sms-staging/serviceAccounts/tarbiyah-sms-staging@appspot.gserviceaccount.com:testIamPermissions 200
[debug] [2026-01-23T02:12:39.647Z] <<< [apiv2][body] POST https://iam.googleapis.com/v1/projects/tarbiyah-sms-staging/serviceAccounts/tarbiyah-sms-staging@appspot.gserviceaccount.com:testIamPermissions {"permissions":["iam.serviceAccounts.actAs"]}
[info] 
[info] === Deploying to 'tarbiyah-sms-staging'...
[info] 
[info] i  deploying functions 
[debug] [2026-01-23T02:12:39.651Z] Checked if tokens are valid: true, expires at: 1769137042708
[debug] [2026-01-23T02:12:39.651Z] Checked if tokens are valid: true, expires at: 1769137042708
[debug] [2026-01-23T02:12:39.651Z] >>> [apiv2][query] GET https://cloudresourcemanager.googleapis.com/v1/projects/tarbiyah-sms-staging [none]
[debug] [2026-01-23T02:12:39.718Z] <<< [apiv2][status] GET https://cloudresourcemanager.googleapis.com/v1/projects/tarbiyah-sms-staging 200
[debug] [2026-01-23T02:12:39.718Z] <<< [apiv2][body] GET https://cloudresourcemanager.googleapis.com/v1/projects/tarbiyah-sms-staging {"projectNumber":"189187309865","projectId":"tarbiyah-sms-staging","lifecycleState":"ACTIVE","name":"tarbiyah-sms-staging","labels":{"firebase":"enabled","firebase-core":"disabled"},"createTime":"2026-01-23T01:52:57.222372Z"}
[info] i  functions: preparing codebase default for deployment 
[info] i  functions: ensuring required API cloudfunctions.googleapis.com is enabled... 
[info] i  functions: ensuring required API cloudbuild.googleapis.com is enabled... 
[info] i  artifactregistry: ensuring required API artifactregistry.googleapis.com is enabled... 
[debug] [2026-01-23T02:12:39.720Z] Checked if tokens are valid: true, expires at: 1769137042708
[debug] [2026-01-23T02:12:39.720Z] Checked if tokens are valid: true, expires at: 1769137042708
[debug] [2026-01-23T02:12:39.721Z] >>> [apiv2][query] GET https://firebase.googleapis.com/v1beta1/projects/tarbiyah-sms-staging/adminSdkConfig [none]
[debug] [2026-01-23T02:12:40.067Z] <<< [apiv2][status] GET https://firebase.googleapis.com/v1beta1/projects/tarbiyah-sms-staging/adminSdkConfig 200
[debug] [2026-01-23T02:12:40.067Z] <<< [apiv2][body] GET https://firebase.googleapis.com/v1beta1/projects/tarbiyah-sms-staging/adminSdkConfig {"projectId":"tarbiyah-sms-staging","storageBucket":"tarbiyah-sms-staging.firebasestorage.app"}
[debug] [2026-01-23T02:12:40.068Z] Checked if tokens are valid: true, expires at: 1769137042708
[debug] [2026-01-23T02:12:40.068Z] Checked if tokens are valid: true, expires at: 1769137042708
[debug] [2026-01-23T02:12:40.068Z] >>> [apiv2][query] GET https://runtimeconfig.googleapis.com/v1beta1/projects/tarbiyah-sms-staging/configs [none]
[debug] [2026-01-23T02:12:40.226Z] <<< [apiv2][status] GET https://runtimeconfig.googleapis.com/v1beta1/projects/tarbiyah-sms-staging/configs 200
[debug] [2026-01-23T02:12:40.226Z] <<< [apiv2][body] GET https://runtimeconfig.googleapis.com/v1beta1/projects/tarbiyah-sms-staging/configs {"configs":[{"name":"projects/tarbiyah-sms-staging/configs/app"}]}
[debug] [2026-01-23T02:12:40.226Z] Checked if tokens are valid: true, expires at: 1769137042708
[debug] [2026-01-23T02:12:40.226Z] Checked if tokens are valid: true, expires at: 1769137042708
[debug] [2026-01-23T02:12:40.226Z] >>> [apiv2][query] GET https://runtimeconfig.googleapis.com/v1beta1/projects/tarbiyah-sms-staging/configs/app/variables [none]
[debug] [2026-01-23T02:12:40.345Z] <<< [apiv2][status] GET https://runtimeconfig.googleapis.com/v1beta1/projects/tarbiyah-sms-staging/configs/app/variables 200
[debug] [2026-01-23T02:12:40.345Z] <<< [apiv2][body] GET https://runtimeconfig.googleapis.com/v1beta1/projects/tarbiyah-sms-staging/configs/app/variables {"variables":[{"name":"projects/tarbiyah-sms-staging/configs/app/variables/env","updateTime":"2026-01-23T02:11:19.764480340Z"}]}
[debug] [2026-01-23T02:12:40.346Z] Checked if tokens are valid: true, expires at: 1769137042708
[debug] [2026-01-23T02:12:40.346Z] Checked if tokens are valid: true, expires at: 1769137042708
[debug] [2026-01-23T02:12:40.346Z] >>> [apiv2][query] GET https://runtimeconfig.googleapis.com/v1beta1/projects/tarbiyah-sms-staging/configs/app/variables/env [none]
[debug] [2026-01-23T02:12:40.464Z] <<< [apiv2][status] GET https://runtimeconfig.googleapis.com/v1beta1/projects/tarbiyah-sms-staging/configs/app/variables/env 200
[debug] [2026-01-23T02:12:40.464Z] <<< [apiv2][body] GET https://runtimeconfig.googleapis.com/v1beta1/projects/tarbiyah-sms-staging/configs/app/variables/env {"name":"projects/tarbiyah-sms-staging/configs/app/variables/env","updateTime":"2026-01-23T02:11:19.764480340Z","text":"staging"}
[debug] [2026-01-23T02:12:40.465Z] Validating nodejs source
[warn] ⚠  functions: package.json indicates an outdated version of firebase-functions. Please upgrade using npm install --save firebase-functions@latest in your functions directory. 
[warn] ⚠  functions: Please note that there will be breaking changes when you upgrade. 
[debug] [2026-01-23T02:12:40.889Z] > [functions] package.json contents: {
  "name": "functions",
  "description": "Cloud Functions for Firebase",
  "scripts": {
    "serve": "firebase emulators:start --only functions",
    "shell": "firebase functions:shell",
    "start": "npm run shell",
    "deploy": "firebase deploy --only functions",
    "logs": "firebase functions:log"
  },
  "engines": {
    "node": "20"
  },
  "main": "index.js",
  "dependencies": {
    "btoa": "^1.2.1",
    "cors": "^2.8.5",
    "firebase-admin": "^12.6.0",
    "firebase-functions": "^6.0.1",
    "node-fetch": "^3.3.2",
    "twilio": "^5.5.2"
  },
  "devDependencies": {
    "firebase-functions-test": "^3.1.0"
  },
  "private": true
}
[debug] [2026-01-23T02:12:40.889Z] Building nodejs source
[info] i  functions: Loading and analyzing source code for codebase default to determine what to deploy 
[debug] [2026-01-23T02:12:40.890Z] Could not find functions.yaml. Must use http discovery
[debug] [2026-01-23T02:12:40.894Z] Found firebase-functions binary at '/Users/mohoaj/Documents/GitHub/sms-tla/functions/node_modules/.bin/firebase-functions'
[info] Serving at port 8651

[debug] [2026-01-23T02:12:41.196Z] Got response from /__/functions.yaml {"endpoints":{"sendScheduledSms":{"platform":"gcfv1","availableMemoryMb":null,"timeoutSeconds":null,"minInstances":null,"maxInstances":null,"ingressSettings":null,"serviceAccountEmail":null,"vpc":null,"region":["northamerica-northeast1"],"scheduleTrigger":{"schedule":"0 12 * * 1-5","retryConfig":{"retryCount":null,"maxDoublings":null,"maxRetryDuration":null,"maxBackoffDuration":null,"minBackoffDuration":null},"timeZone":"America/Toronto"},"labels":{},"entryPoint":"sendScheduledSms"},"sendSmsHttp":{"platform":"gcfv1","availableMemoryMb":null,"timeoutSeconds":null,"minInstances":null,"maxInstances":null,"ingressSettings":null,"serviceAccountEmail":null,"vpc":null,"region":["northamerica-northeast1"],"httpsTrigger":{},"entryPoint":"sendSmsHttp"},"getPublicConfig":{"platform":"gcfv1","availableMemoryMb":null,"timeoutSeconds":null,"minInstances":null,"maxInstances":null,"ingressSettings":null,"serviceAccountEmail":null,"vpc":null,"region":["northamerica-northeast1"],"httpsTrigger":{},"entryPoint":"getPublicConfig"},"generateReportCard":{"platform":"gcfv1","availableMemoryMb":null,"timeoutSeconds":null,"minInstances":null,"maxInstances":null,"ingressSettings":null,"serviceAccountEmail":null,"vpc":null,"region":["northamerica-northeast1"],"httpsTrigger":{},"entryPoint":"generateReportCard"},"setParentTempPassword":{"platform":"gcfv1","availableMemoryMb":null,"timeoutSeconds":null,"minInstances":null,"maxInstances":null,"ingressSettings":null,"serviceAccountEmail":null,"vpc":null,"region":["northamerica-northeast1"],"httpsTrigger":{},"entryPoint":"setParentTempPassword"},"triggerAttendanceSms":{"platform":"gcfv1","availableMemoryMb":null,"timeoutSeconds":null,"minInstances":null,"maxInstances":null,"ingressSettings":null,"serviceAccountEmail":null,"vpc":null,"region":["northamerica-northeast1"],"httpsTrigger":{},"entryPoint":"triggerAttendanceSms"}},"specVersion":"v1alpha1","requiredAPIs":[{"api":"cloudscheduler.googleapis.com","reason":"Needed for scheduled functions."}],"extensions":{}}
[info] i  extensions: ensuring required API firebaseextensions.googleapis.com is enabled... 
[debug] [2026-01-23T02:12:45.219Z] > command requires scopes: ["email","openid","https://www.googleapis.com/auth/cloudplatformprojects.readonly","https://www.googleapis.com/auth/firebase","https://www.googleapis.com/auth/cloud-platform"]
[debug] [2026-01-23T02:12:45.219Z] > authorizing via signed-in user (nuralhuda.co@gmail.com)
[debug] [2026-01-23T02:12:45.219Z] [iam] checking project tarbiyah-sms-staging for permissions ["firebase.projects.get","firebaseextensions.instances.list"]
[debug] [2026-01-23T02:12:45.219Z] Checked if tokens are valid: true, expires at: 1769137042708
[debug] [2026-01-23T02:12:45.219Z] Checked if tokens are valid: true, expires at: 1769137042708
[debug] [2026-01-23T02:12:45.219Z] >>> [apiv2][query] POST https://cloudresourcemanager.googleapis.com/v1/projects/tarbiyah-sms-staging:testIamPermissions [none]
[debug] [2026-01-23T02:12:45.220Z] >>> [apiv2][(partial)header] POST https://cloudresourcemanager.googleapis.com/v1/projects/tarbiyah-sms-staging:testIamPermissions x-goog-quota-user=projects/tarbiyah-sms-staging
[debug] [2026-01-23T02:12:45.220Z] >>> [apiv2][body] POST https://cloudresourcemanager.googleapis.com/v1/projects/tarbiyah-sms-staging:testIamPermissions {"permissions":["firebase.projects.get","firebaseextensions.instances.list"]}
[debug] [2026-01-23T02:12:45.447Z] <<< [apiv2][status] POST https://cloudresourcemanager.googleapis.com/v1/projects/tarbiyah-sms-staging:testIamPermissions 200
[debug] [2026-01-23T02:12:45.448Z] <<< [apiv2][body] POST https://cloudresourcemanager.googleapis.com/v1/projects/tarbiyah-sms-staging:testIamPermissions {"permissions":["firebase.projects.get","firebaseextensions.instances.list"]}
[debug] [2026-01-23T02:12:45.448Z] Checked if tokens are valid: true, expires at: 1769137042708
[debug] [2026-01-23T02:12:45.448Z] Checked if tokens are valid: true, expires at: 1769137042708
[debug] [2026-01-23T02:12:45.448Z] >>> [apiv2][query] GET https://firebaseextensions.googleapis.com/v1beta/projects/tarbiyah-sms-staging/instances pageSize=100&pageToken=
[debug] [2026-01-23T02:12:45.731Z] <<< [apiv2][status] GET https://firebaseextensions.googleapis.com/v1beta/projects/tarbiyah-sms-staging/instances 200
[debug] [2026-01-23T02:12:45.731Z] <<< [apiv2][body] GET https://firebaseextensions.googleapis.com/v1beta/projects/tarbiyah-sms-staging/instances {}
[info] i  functions: preparing functions directory for uploading... 
[info] i  functions: packaged /Users/mohoaj/Documents/GitHub/sms-tla/functions (35.54 KB) for uploading 
[debug] [2026-01-23T02:12:45.779Z] Checked if tokens are valid: true, expires at: 1769137042708
[debug] [2026-01-23T02:12:45.779Z] Checked if tokens are valid: true, expires at: 1769137042708
[debug] [2026-01-23T02:12:45.779Z] >>> [apiv2][query] GET https://cloudfunctions.googleapis.com/v1/projects/tarbiyah-sms-staging/locations/-/functions [none]
[debug] [2026-01-23T02:12:46.420Z] <<< [apiv2][status] GET https://cloudfunctions.googleapis.com/v1/projects/tarbiyah-sms-staging/locations/-/functions 200
[debug] [2026-01-23T02:12:46.420Z] <<< [apiv2][body] GET https://cloudfunctions.googleapis.com/v1/projects/tarbiyah-sms-staging/locations/-/functions {}
[debug] [2026-01-23T02:12:46.421Z] Checked if tokens are valid: true, expires at: 1769137042708
[debug] [2026-01-23T02:12:46.421Z] Checked if tokens are valid: true, expires at: 1769137042708
[debug] [2026-01-23T02:12:46.422Z] >>> [apiv2][query] GET https://cloudfunctions.googleapis.com/v2/projects/tarbiyah-sms-staging/locations/-/functions filter=environment%3D%22GEN_2%22
[debug] [2026-01-23T02:12:46.896Z] <<< [apiv2][status] GET https://cloudfunctions.googleapis.com/v2/projects/tarbiyah-sms-staging/locations/-/functions 200
[debug] [2026-01-23T02:12:46.896Z] <<< [apiv2][body] GET https://cloudfunctions.googleapis.com/v2/projects/tarbiyah-sms-staging/locations/-/functions {}
[info] i  functions: ensuring required API cloudscheduler.googleapis.com is enabled... 
[debug] [2026-01-23T02:12:46.911Z] Checked if tokens are valid: true, expires at: 1769137042708
[debug] [2026-01-23T02:12:46.911Z] Checked if tokens are valid: true, expires at: 1769137042708
[debug] [2026-01-23T02:12:46.911Z] >>> [apiv2][query] GET https://cloudresourcemanager.googleapis.com/v1/projects/tarbiyah-sms-staging [none]
[debug] [2026-01-23T02:12:46.977Z] <<< [apiv2][status] GET https://cloudresourcemanager.googleapis.com/v1/projects/tarbiyah-sms-staging 200
[debug] [2026-01-23T02:12:46.978Z] <<< [apiv2][body] GET https://cloudresourcemanager.googleapis.com/v1/projects/tarbiyah-sms-staging {"projectNumber":"189187309865","projectId":"tarbiyah-sms-staging","lifecycleState":"ACTIVE","name":"tarbiyah-sms-staging","labels":{"firebase":"enabled","firebase-core":"disabled"},"createTime":"2026-01-23T01:52:57.222372Z"}
[debug] [2026-01-23T02:12:46.979Z] Checked if tokens are valid: true, expires at: 1769137042708
[debug] [2026-01-23T02:12:46.979Z] Checked if tokens are valid: true, expires at: 1769137042708
[debug] [2026-01-23T02:12:46.979Z] >>> [apiv2][query] GET https://cloudbilling.googleapis.com/v1/projects/tarbiyah-sms-staging/billingInfo [none]
[debug] [2026-01-23T02:12:47.197Z] <<< [apiv2][status] GET https://cloudbilling.googleapis.com/v1/projects/tarbiyah-sms-staging/billingInfo 200
[debug] [2026-01-23T02:12:47.197Z] <<< [apiv2][body] GET https://cloudbilling.googleapis.com/v1/projects/tarbiyah-sms-staging/billingInfo {"name":"projects/tarbiyah-sms-staging/billingInfo","projectId":"tarbiyah-sms-staging","billingAccountName":"billingAccounts/01D807-9ABF0C-3B9006","billingEnabled":true}
[debug] [2026-01-23T02:12:47.198Z] [functions] found 5 new HTTP functions, testing setIamPolicy permission...
[debug] [2026-01-23T02:12:47.198Z] Checked if tokens are valid: true, expires at: 1769137042708
[debug] [2026-01-23T02:12:47.198Z] Checked if tokens are valid: true, expires at: 1769137042708
[debug] [2026-01-23T02:12:47.199Z] >>> [apiv2][query] POST https://cloudresourcemanager.googleapis.com/v1/projects/tarbiyah-sms-staging:testIamPermissions [none]
[debug] [2026-01-23T02:12:47.199Z] >>> [apiv2][(partial)header] POST https://cloudresourcemanager.googleapis.com/v1/projects/tarbiyah-sms-staging:testIamPermissions x-goog-quota-user=projects/tarbiyah-sms-staging
[debug] [2026-01-23T02:12:47.199Z] >>> [apiv2][body] POST https://cloudresourcemanager.googleapis.com/v1/projects/tarbiyah-sms-staging:testIamPermissions {"permissions":["cloudfunctions.functions.setIamPolicy"]}
[debug] [2026-01-23T02:12:47.257Z] <<< [apiv2][status] POST https://cloudresourcemanager.googleapis.com/v1/projects/tarbiyah-sms-staging:testIamPermissions 200
[debug] [2026-01-23T02:12:47.257Z] <<< [apiv2][body] POST https://cloudresourcemanager.googleapis.com/v1/projects/tarbiyah-sms-staging:testIamPermissions {"permissions":["cloudfunctions.functions.setIamPolicy"]}
[debug] [2026-01-23T02:12:47.257Z] [functions] found setIamPolicy permission, proceeding with deploy
[debug] [2026-01-23T02:12:47.257Z] Checked if tokens are valid: true, expires at: 1769137042708
[debug] [2026-01-23T02:12:47.257Z] Checked if tokens are valid: true, expires at: 1769137042708
[debug] [2026-01-23T02:12:47.257Z] >>> [apiv2][query] POST https://cloudfunctions.googleapis.com/v1/projects/tarbiyah-sms-staging/locations/northamerica-northeast1/functions:generateUploadUrl [none]
[debug] [2026-01-23T02:12:47.257Z] >>> [apiv2][body] POST https://cloudfunctions.googleapis.com/v1/projects/tarbiyah-sms-staging/locations/northamerica-northeast1/functions:generateUploadUrl {}
[debug] [2026-01-23T02:12:48.208Z] <<< [apiv2][status] POST https://cloudfunctions.googleapis.com/v1/projects/tarbiyah-sms-staging/locations/northamerica-northeast1/functions:generateUploadUrl 200
[debug] [2026-01-23T02:12:48.208Z] <<< [apiv2][body] POST https://cloudfunctions.googleapis.com/v1/projects/tarbiyah-sms-staging/locations/northamerica-northeast1/functions:generateUploadUrl {"uploadUrl":"https://storage.googleapis.com/uploads-263940717930.northamerica-northeast1.cloudfunctions.appspot.com/73c749ae-fc57-4389-8d88-51128e883a5b.zip?GoogleAccessId=service-189187309865@gcf-admin-robot.iam.gserviceaccount.com&Expires=1769136168&Signature=dL%2BnhdRCji0dPFZ5Jf%2FwpY9eZkgQcv5tnhJ61oiBrO4jAaLI%2BMmNrCEg5YDumYE2P%2BVtedDATbU5hqYbOPgU9iShEhdp%2FEMEN8m%2BhFkuXK4%2Fd1mCVvNwQmN6vgSwZPCj28yQTC1SaxLSQ7Ea5wB2egHfwQl3CFIP0S8jLxn%2B11cjI%2BfxuSG%2BuNqn7jtuelNNgshQuFyL47bSBymsC8AKDxgzCnKAUmpdGs97GcTcl7D2KNjjpPI%2F%2F%2BwatCUdF0lSOPP1qYcPTtDkcrVBCflumFoLsllxmcYxH253aywth4FMnMHzwv9xDLwtNfmUEKdRxKUki%2FtoxgKl7qRsDzurIA%3D%3D"}
[debug] [2026-01-23T02:12:48.209Z] >>> [apiv2][query] PUT https://storage.googleapis.com/uploads-263940717930.northamerica-northeast1.cloudfunctions.appspot.com/73c749ae-fc57-4389-8d88-51128e883a5b.zip GoogleAccessId=service-189187309865%40gcf-admin-robot.iam.gserviceaccount.com&Expires=1769136168&Signature=dL%2BnhdRCji0dPFZ5Jf%2FwpY9eZkgQcv5tnhJ61oiBrO4jAaLI%2BMmNrCEg5YDumYE2P%2BVtedDATbU5hqYbOPgU9iShEhdp%2FEMEN8m%2BhFkuXK4%2Fd1mCVvNwQmN6vgSwZPCj28yQTC1SaxLSQ7Ea5wB2egHfwQl3CFIP0S8jLxn%2B11cjI%2BfxuSG%2BuNqn7jtuelNNgshQuFyL47bSBymsC8AKDxgzCnKAUmpdGs97GcTcl7D2KNjjpPI%2F%2F%2BwatCUdF0lSOPP1qYcPTtDkcrVBCflumFoLsllxmcYxH253aywth4FMnMHzwv9xDLwtNfmUEKdRxKUki%2FtoxgKl7qRsDzurIA%3D%3D
[debug] [2026-01-23T02:12:48.209Z] >>> [apiv2][body] PUT https://storage.googleapis.com/uploads-263940717930.northamerica-northeast1.cloudfunctions.appspot.com/73c749ae-fc57-4389-8d88-51128e883a5b.zip [stream]
[debug] [2026-01-23T02:12:48.521Z] <<< [apiv2][status] PUT https://storage.googleapis.com/uploads-263940717930.northamerica-northeast1.cloudfunctions.appspot.com/73c749ae-fc57-4389-8d88-51128e883a5b.zip 200
[debug] [2026-01-23T02:12:48.521Z] <<< [apiv2][body] PUT https://storage.googleapis.com/uploads-263940717930.northamerica-northeast1.cloudfunctions.appspot.com/73c749ae-fc57-4389-8d88-51128e883a5b.zip [omitted]
[info] ✔  functions: functions source uploaded successfully 
[info] i  functions: creating Node.js 20 (1st Gen) function sendScheduledSms(northamerica-northeast1)... 
[info] i  functions: creating Node.js 20 (1st Gen) function sendSmsHttp(northamerica-northeast1)... 
[info] i  functions: creating Node.js 20 (1st Gen) function getPublicConfig(northamerica-northeast1)... 
[info] i  functions: creating Node.js 20 (1st Gen) function generateReportCard(northamerica-northeast1)... 
[info] i  functions: creating Node.js 20 (1st Gen) function setParentTempPassword(northamerica-northeast1)... 
[info] i  functions: creating Node.js 20 (1st Gen) function triggerAttendanceSms(northamerica-northeast1)... 
[debug] [2026-01-23T02:12:48.525Z] Checked if tokens are valid: true, expires at: 1769137042708
[debug] [2026-01-23T02:12:48.525Z] Checked if tokens are valid: true, expires at: 1769137042708
[debug] [2026-01-23T02:12:48.525Z] >>> [apiv2][query] POST https://cloudfunctions.googleapis.com/v1/projects/tarbiyah-sms-staging/locations/northamerica-northeast1/functions [none]
[debug] [2026-01-23T02:12:48.525Z] >>> [apiv2][body] POST https://cloudfunctions.googleapis.com/v1/projects/tarbiyah-sms-staging/locations/northamerica-northeast1/functions {"name":"projects/tarbiyah-sms-staging/locations/northamerica-northeast1/functions/sendScheduledSms","sourceUploadUrl":"https://storage.googleapis.com/uploads-263940717930.northamerica-northeast1.cloudfunctions.appspot.com/73c749ae-fc57-4389-8d88-51128e883a5b.zip?GoogleAccessId=service-189187309865@gcf-admin-robot.iam.gserviceaccount.com&Expires=1769136168&Signature=dL%2BnhdRCji0dPFZ5Jf%2FwpY9eZkgQcv5tnhJ61oiBrO4jAaLI%2BMmNrCEg5YDumYE2P%2BVtedDATbU5hqYbOPgU9iShEhdp%2FEMEN8m%2BhFkuXK4%2Fd1mCVvNwQmN6vgSwZPCj28yQTC1SaxLSQ7Ea5wB2egHfwQl3CFIP0S8jLxn%2B11cjI%2BfxuSG%2BuNqn7jtuelNNgshQuFyL47bSBymsC8AKDxgzCnKAUmpdGs97GcTcl7D2KNjjpPI%2F%2F%2BwatCUdF0lSOPP1qYcPTtDkcrVBCflumFoLsllxmcYxH253aywth4FMnMHzwv9xDLwtNfmUEKdRxKUki%2FtoxgKl7qRsDzurIA%3D%3D","entryPoint":"sendScheduledSms","runtime":"nodejs20","dockerRegistry":"ARTIFACT_REGISTRY","labels":{"deployment-tool":"cli-firebase","deployment-scheduled":"true","firebase-functions-hash":"44e7bc27ce27850779f965de3db6130f74c5efde"},"eventTrigger":{"eventType":"google.pubsub.topic.publish","resource":"projects/tarbiyah-sms-staging/topics/firebase-schedule-sendScheduledSms-northamerica-northeast1"},"minInstances":null,"maxInstances":null,"ingressSettings":null,"environmentVariables":{"FIREBASE_CONFIG":"{\"projectId\":\"tarbiyah-sms-staging\",\"storageBucket\":\"tarbiyah-sms-staging.firebasestorage.app\"}","GCLOUD_PROJECT":"tarbiyah-sms-staging","EVENTARC_CLOUD_EVENT_SOURCE":"projects/tarbiyah-sms-staging/locations/northamerica-northeast1/functions/sendScheduledSms"},"serviceAccountEmail":null,"availableMemoryMb":null,"timeout":null,"vpcConnector":null,"vpcConnectorEgressSettings":null,"buildEnvironmentVariables":{"GOOGLE_NODE_RUN_SCRIPTS":""}}
[debug] [2026-01-23T02:12:49.288Z] <<< [apiv2][status] POST https://cloudfunctions.googleapis.com/v1/projects/tarbiyah-sms-staging/locations/northamerica-northeast1/functions 200
[debug] [2026-01-23T02:12:49.288Z] <<< [apiv2][body] POST https://cloudfunctions.googleapis.com/v1/projects/tarbiyah-sms-staging/locations/northamerica-northeast1/functions {"name":"operations/cHJvamVjdHMvdGFyYml5YWgtc21zLXN0YWdpbmcvbG9jYXRpb25zL25vcnRoYW1lcmljYS1ub3J0aGVhc3QxL29wZXJhdGlvbnMvb3BlcmF0aW9uLTE3NjkxMzQzNjg3MTMtNjQ5MDRiMTliNmIxMS03N2Q3NTBhMi01MDhjYjRmMA","metadata":{"@type":"type.googleapis.com/google.cloud.functions.v1.OperationMetadataV1","target":"projects/tarbiyah-sms-staging/locations/northamerica-northeast1/functions/sendScheduledSms","updateTime":"2026-01-23T02:12:49.250684852Z"}}
[debug] [2026-01-23T02:12:49.288Z] Checked if tokens are valid: true, expires at: 1769137042708
[debug] [2026-01-23T02:12:49.288Z] Checked if tokens are valid: true, expires at: 1769137042708
[debug] [2026-01-23T02:12:49.289Z] >>> [apiv2][query] GET https://cloudfunctions.googleapis.com/v1/operations/cHJvamVjdHMvdGFyYml5YWgtc21zLXN0YWdpbmcvbG9jYXRpb25zL25vcnRoYW1lcmljYS1ub3J0aGVhc3QxL29wZXJhdGlvbnMvb3BlcmF0aW9uLTE3NjkxMzQzNjg3MTMtNjQ5MDRiMTliNmIxMS03N2Q3NTBhMi01MDhjYjRmMA [none]
[debug] [2026-01-23T02:12:49.414Z] <<< [apiv2][status] GET https://cloudfunctions.googleapis.com/v1/operations/cHJvamVjdHMvdGFyYml5YWgtc21zLXN0YWdpbmcvbG9jYXRpb25zL25vcnRoYW1lcmljYS1ub3J0aGVhc3QxL29wZXJhdGlvbnMvb3BlcmF0aW9uLTE3NjkxMzQzNjg3MTMtNjQ5MDRiMTliNmIxMS03N2Q3NTBhMi01MDhjYjRmMA 200
[debug] [2026-01-23T02:12:49.414Z] <<< [apiv2][body] GET https://cloudfunctions.googleapis.com/v1/operations/cHJvamVjdHMvdGFyYml5YWgtc21zLXN0YWdpbmcvbG9jYXRpb25zL25vcnRoYW1lcmljYS1ub3J0aGVhc3QxL29wZXJhdGlvbnMvb3BlcmF0aW9uLTE3NjkxMzQzNjg3MTMtNjQ5MDRiMTliNmIxMS03N2Q3NTBhMi01MDhjYjRmMA {"name":"operations/cHJvamVjdHMvdGFyYml5YWgtc21zLXN0YWdpbmcvbG9jYXRpb25zL25vcnRoYW1lcmljYS1ub3J0aGVhc3QxL29wZXJhdGlvbnMvb3BlcmF0aW9uLTE3NjkxMzQzNjg3MTMtNjQ5MDRiMTliNmIxMS03N2Q3NTBhMi01MDhjYjRmMA","metadata":{"@type":"type.googleapis.com/google.cloud.functions.v1.OperationMetadataV1","target":"projects/tarbiyah-sms-staging/locations/northamerica-northeast1/functions/sendScheduledSms","updateTime":"2026-01-23T02:12:49.250684852Z"}}
[debug] [2026-01-23T02:12:49.916Z] [create-default-northamerica-northeast1-sendScheduledSms] Retrying task index 0
[debug] [2026-01-23T02:12:49.916Z] Checked if tokens are valid: true, expires at: 1769137042708
[debug] [2026-01-23T02:12:49.916Z] Checked if tokens are valid: true, expires at: 1769137042708
[debug] [2026-01-23T02:12:49.916Z] >>> [apiv2][query] GET https://cloudfunctions.googleapis.com/v1/operations/cHJvamVjdHMvdGFyYml5YWgtc21zLXN0YWdpbmcvbG9jYXRpb25zL25vcnRoYW1lcmljYS1ub3J0aGVhc3QxL29wZXJhdGlvbnMvb3BlcmF0aW9uLTE3NjkxMzQzNjg3MTMtNjQ5MDRiMTliNmIxMS03N2Q3NTBhMi01MDhjYjRmMA [none]
[debug] [2026-01-23T02:12:50.154Z] <<< [apiv2][status] GET https://cloudfunctions.googleapis.com/v1/operations/cHJvamVjdHMvdGFyYml5YWgtc21zLXN0YWdpbmcvbG9jYXRpb25zL25vcnRoYW1lcmljYS1ub3J0aGVhc3QxL29wZXJhdGlvbnMvb3BlcmF0aW9uLTE3NjkxMzQzNjg3MTMtNjQ5MDRiMTliNmIxMS03N2Q3NTBhMi01MDhjYjRmMA 200
[debug] [2026-01-23T02:12:50.154Z] <<< [apiv2][body] GET https://cloudfunctions.googleapis.com/v1/operations/cHJvamVjdHMvdGFyYml5YWgtc21zLXN0YWdpbmcvbG9jYXRpb25zL25vcnRoYW1lcmljYS1ub3J0aGVhc3QxL29wZXJhdGlvbnMvb3BlcmF0aW9uLTE3NjkxMzQzNjg3MTMtNjQ5MDRiMTliNmIxMS03N2Q3NTBhMi01MDhjYjRmMA {"name":"operations/cHJvamVjdHMvdGFyYml5YWgtc21zLXN0YWdpbmcvbG9jYXRpb25zL25vcnRoYW1lcmljYS1ub3J0aGVhc3QxL29wZXJhdGlvbnMvb3BlcmF0aW9uLTE3NjkxMzQzNjg3MTMtNjQ5MDRiMTliNmIxMS03N2Q3NTBhMi01MDhjYjRmMA","metadata":{"@type":"type.googleapis.com/google.cloud.functions.v1.OperationMetadataV1","target":"projects/tarbiyah-sms-staging/locations/northamerica-northeast1/functions/sendScheduledSms","updateTime":"2026-01-23T02:12:49.250684852Z"}}
[debug] [2026-01-23T02:12:51.155Z] [create-default-northamerica-northeast1-sendScheduledSms] Retrying task index 0
[debug] [2026-01-23T02:12:51.155Z] Checked if tokens are valid: true, expires at: 1769137042708
[debug] [2026-01-23T02:12:51.155Z] Checked if tokens are valid: true, expires at: 1769137042708
[debug] [2026-01-23T02:12:51.155Z] >>> [apiv2][query] GET https://cloudfunctions.googleapis.com/v1/operations/cHJvamVjdHMvdGFyYml5YWgtc21zLXN0YWdpbmcvbG9jYXRpb25zL25vcnRoYW1lcmljYS1ub3J0aGVhc3QxL29wZXJhdGlvbnMvb3BlcmF0aW9uLTE3NjkxMzQzNjg3MTMtNjQ5MDRiMTliNmIxMS03N2Q3NTBhMi01MDhjYjRmMA [none]
[debug] [2026-01-23T02:12:51.337Z] <<< [apiv2][status] GET https://cloudfunctions.googleapis.com/v1/operations/cHJvamVjdHMvdGFyYml5YWgtc21zLXN0YWdpbmcvbG9jYXRpb25zL25vcnRoYW1lcmljYS1ub3J0aGVhc3QxL29wZXJhdGlvbnMvb3BlcmF0aW9uLTE3NjkxMzQzNjg3MTMtNjQ5MDRiMTliNmIxMS03N2Q3NTBhMi01MDhjYjRmMA 200
[debug] [2026-01-23T02:12:51.337Z] <<< [apiv2][body] GET https://cloudfunctions.googleapis.com/v1/operations/cHJvamVjdHMvdGFyYml5YWgtc21zLXN0YWdpbmcvbG9jYXRpb25zL25vcnRoYW1lcmljYS1ub3J0aGVhc3QxL29wZXJhdGlvbnMvb3BlcmF0aW9uLTE3NjkxMzQzNjg3MTMtNjQ5MDRiMTliNmIxMS03N2Q3NTBhMi01MDhjYjRmMA {"name":"operations/cHJvamVjdHMvdGFyYml5YWgtc21zLXN0YWdpbmcvbG9jYXRpb25zL25vcnRoYW1lcmljYS1ub3J0aGVhc3QxL29wZXJhdGlvbnMvb3BlcmF0aW9uLTE3NjkxMzQzNjg3MTMtNjQ5MDRiMTliNmIxMS03N2Q3NTBhMi01MDhjYjRmMA","metadata":{"@type":"type.googleapis.com/google.cloud.functions.v1.OperationMetadataV1","target":"projects/tarbiyah-sms-staging/locations/northamerica-northeast1/functions/sendScheduledSms","type":"CREATE_FUNCTION","request":{"@type":"type.googleapis.com/google.cloud.functions.v1.CloudFunction","name":"projects/tarbiyah-sms-staging/locations/northamerica-northeast1/functions/sendScheduledSms","eventTrigger":{"eventType":"google.pubsub.topic.publish","resource":"projects/tarbiyah-sms-staging/topics/firebase-schedule-sendScheduledSms-northamerica-northeast1","failurePolicy":{}},"entryPoint":"sendScheduledSms","updateTime":"1970-01-01T00:00:00Z","labels":{"deployment-tool":"cli-firebase","deployment-scheduled":"true","firebase-functions-hash":"44e7bc27ce27850779f965de3db6130f74c5efde"},"sourceUploadUrl":"https://storage.googleapis.com/uploads-263940717930.northamerica-northeast1.cloudfunctions.appspot.com/73c749ae-fc57-4389-8d88-51128e883a5b.zip?GoogleAccessId=service-189187309865@gcf-admin-robot.iam.gserviceaccount.com&Expires=1769136168&Signature=dL%2BnhdRCji0dPFZ5Jf%2FwpY9eZkgQcv5tnhJ61oiBrO4jAaLI%2BMmNrCEg5YDumYE2P%2BVtedDATbU5hqYbOPgU9iShEhdp%2FEMEN8m%2BhFkuXK4%2Fd1mCVvNwQmN6vgSwZPCj28yQTC1SaxLSQ7Ea5wB2egHfwQl3CFIP0S8jLxn%2B11cjI%2BfxuSG%2BuNqn7jtuelNNgshQuFyL47bSBymsC8AKDxgzCnKAUmpdGs97GcTcl7D2KNjjpPI%2F%2F%2BwatCUdF0lSOPP1qYcPTtDkcrVBCflumFoLsllxmcYxH253aywth4FMnMHzwv9xDLwtNfmUEKdRxKUki%2FtoxgKl7qRsDzurIA%3D%3D","environmentVariables":{"FIREBASE_CONFIG":"{\"projectId\":\"tarbiyah-sms-staging\",\"storageBucket\":\"tarbiyah-sms-staging.firebasestorage.app\"}","GCLOUD_PROJECT":"tarbiyah-sms-staging","EVENTARC_CLOUD_EVENT_SOURCE":"projects/tarbiyah-sms-staging/locations/northamerica-northeast1/functions/sendScheduledSms"},"runtime":"nodejs20","buildEnvironmentVariables":{"GOOGLE_NODE_RUN_SCRIPTS":""},"dockerRegistry":"ARTIFACT_REGISTRY"},"versionId":"1","updateTime":"2026-01-23T02:12:49.250684852Z"}}
[debug] [2026-01-23T02:12:53.339Z] [create-default-northamerica-northeast1-sendScheduledSms] Retrying task index 0
[debug] [2026-01-23T02:12:53.339Z] Checked if tokens are valid: true, expires at: 1769137042708
[debug] [2026-01-23T02:12:53.339Z] Checked if tokens are valid: true, expires at: 1769137042708
[debug] [2026-01-23T02:12:53.339Z] >>> [apiv2][query] GET https://cloudfunctions.googleapis.com/v1/operations/cHJvamVjdHMvdGFyYml5YWgtc21zLXN0YWdpbmcvbG9jYXRpb25zL25vcnRoYW1lcmljYS1ub3J0aGVhc3QxL29wZXJhdGlvbnMvb3BlcmF0aW9uLTE3NjkxMzQzNjg3MTMtNjQ5MDRiMTliNmIxMS03N2Q3NTBhMi01MDhjYjRmMA [none]
[debug] [2026-01-23T02:12:53.510Z] <<< [apiv2][status] GET https://cloudfunctions.googleapis.com/v1/operations/cHJvamVjdHMvdGFyYml5YWgtc21zLXN0YWdpbmcvbG9jYXRpb25zL25vcnRoYW1lcmljYS1ub3J0aGVhc3QxL29wZXJhdGlvbnMvb3BlcmF0aW9uLTE3NjkxMzQzNjg3MTMtNjQ5MDRiMTliNmIxMS03N2Q3NTBhMi01MDhjYjRmMA 200
[debug] [2026-01-23T02:12:53.510Z] <<< [apiv2][body] GET https://cloudfunctions.googleapis.com/v1/operations/cHJvamVjdHMvdGFyYml5YWgtc21zLXN0YWdpbmcvbG9jYXRpb25zL25vcnRoYW1lcmljYS1ub3J0aGVhc3QxL29wZXJhdGlvbnMvb3BlcmF0aW9uLTE3NjkxMzQzNjg3MTMtNjQ5MDRiMTliNmIxMS03N2Q3NTBhMi01MDhjYjRmMA {"name":"operations/cHJvamVjdHMvdGFyYml5YWgtc21zLXN0YWdpbmcvbG9jYXRpb25zL25vcnRoYW1lcmljYS1ub3J0aGVhc3QxL29wZXJhdGlvbnMvb3BlcmF0aW9uLTE3NjkxMzQzNjg3MTMtNjQ5MDRiMTliNmIxMS03N2Q3NTBhMi01MDhjYjRmMA","metadata":{"@type":"type.googleapis.com/google.cloud.functions.v1.OperationMetadataV1","target":"projects/tarbiyah-sms-staging/locations/northamerica-northeast1/functions/sendScheduledSms","type":"CREATE_FUNCTION","request":{"@type":"type.googleapis.com/google.cloud.functions.v1.CloudFunction","name":"projects/tarbiyah-sms-staging/locations/northamerica-northeast1/functions/sendScheduledSms","eventTrigger":{"eventType":"google.pubsub.topic.publish","resource":"projects/tarbiyah-sms-staging/topics/firebase-schedule-sendScheduledSms-northamerica-northeast1","failurePolicy":{}},"entryPoint":"sendScheduledSms","updateTime":"1970-01-01T00:00:00Z","labels":{"deployment-tool":"cli-firebase","deployment-scheduled":"true","firebase-functions-hash":"44e7bc27ce27850779f965de3db6130f74c5efde"},"sourceUploadUrl":"https://storage.googleapis.com/uploads-263940717930.northamerica-northeast1.cloudfunctions.appspot.com/73c749ae-fc57-4389-8d88-51128e883a5b.zip?GoogleAccessId=service-189187309865@gcf-admin-robot.iam.gserviceaccount.com&Expires=1769136168&Signature=dL%2BnhdRCji0dPFZ5Jf%2FwpY9eZkgQcv5tnhJ61oiBrO4jAaLI%2BMmNrCEg5YDumYE2P%2BVtedDATbU5hqYbOPgU9iShEhdp%2FEMEN8m%2BhFkuXK4%2Fd1mCVvNwQmN6vgSwZPCj28yQTC1SaxLSQ7Ea5wB2egHfwQl3CFIP0S8jLxn%2B11cjI%2BfxuSG%2BuNqn7jtuelNNgshQuFyL47bSBymsC8AKDxgzCnKAUmpdGs97GcTcl7D2KNjjpPI%2F%2F%2BwatCUdF0lSOPP1qYcPTtDkcrVBCflumFoLsllxmcYxH253aywth4FMnMHzwv9xDLwtNfmUEKdRxKUki%2FtoxgKl7qRsDzurIA%3D%3D","environmentVariables":{"FIREBASE_CONFIG":"{\"projectId\":\"tarbiyah-sms-staging\",\"storageBucket\":\"tarbiyah-sms-staging.firebasestorage.app\"}","GCLOUD_PROJECT":"tarbiyah-sms-staging","EVENTARC_CLOUD_EVENT_SOURCE":"projects/tarbiyah-sms-staging/locations/northamerica-northeast1/functions/sendScheduledSms"},"runtime":"nodejs20","buildEnvironmentVariables":{"GOOGLE_NODE_RUN_SCRIPTS":""},"dockerRegistry":"ARTIFACT_REGISTRY"},"versionId":"1","updateTime":"2026-01-23T02:12:49.250684852Z"}}
[debug] [2026-01-23T02:12:57.511Z] [create-default-northamerica-northeast1-sendScheduledSms] Retrying task index 0
[debug] [2026-01-23T02:12:57.512Z] Checked if tokens are valid: true, expires at: 1769137042708
[debug] [2026-01-23T02:12:57.512Z] Checked if tokens are valid: true, expires at: 1769137042708
[debug] [2026-01-23T02:12:57.512Z] >>> [apiv2][query] GET https://cloudfunctions.googleapis.com/v1/operations/cHJvamVjdHMvdGFyYml5YWgtc21zLXN0YWdpbmcvbG9jYXRpb25zL25vcnRoYW1lcmljYS1ub3J0aGVhc3QxL29wZXJhdGlvbnMvb3BlcmF0aW9uLTE3NjkxMzQzNjg3MTMtNjQ5MDRiMTliNmIxMS03N2Q3NTBhMi01MDhjYjRmMA [none]
[debug] [2026-01-23T02:12:57.730Z] <<< [apiv2][status] GET https://cloudfunctions.googleapis.com/v1/operations/cHJvamVjdHMvdGFyYml5YWgtc21zLXN0YWdpbmcvbG9jYXRpb25zL25vcnRoYW1lcmljYS1ub3J0aGVhc3QxL29wZXJhdGlvbnMvb3BlcmF0aW9uLTE3NjkxMzQzNjg3MTMtNjQ5MDRiMTliNmIxMS03N2Q3NTBhMi01MDhjYjRmMA 200
[debug] [2026-01-23T02:12:57.731Z] <<< [apiv2][body] GET https://cloudfunctions.googleapis.com/v1/operations/cHJvamVjdHMvdGFyYml5YWgtc21zLXN0YWdpbmcvbG9jYXRpb25zL25vcnRoYW1lcmljYS1ub3J0aGVhc3QxL29wZXJhdGlvbnMvb3BlcmF0aW9uLTE3NjkxMzQzNjg3MTMtNjQ5MDRiMTliNmIxMS03N2Q3NTBhMi01MDhjYjRmMA {"name":"operations/cHJvamVjdHMvdGFyYml5YWgtc21zLXN0YWdpbmcvbG9jYXRpb25zL25vcnRoYW1lcmljYS1ub3J0aGVhc3QxL29wZXJhdGlvbnMvb3BlcmF0aW9uLTE3NjkxMzQzNjg3MTMtNjQ5MDRiMTliNmIxMS03N2Q3NTBhMi01MDhjYjRmMA","metadata":{"@type":"type.googleapis.com/google.cloud.functions.v1.OperationMetadataV1","target":"projects/tarbiyah-sms-staging/locations/northamerica-northeast1/functions/sendScheduledSms","type":"CREATE_FUNCTION","request":{"@type":"type.googleapis.com/google.cloud.functions.v1.CloudFunction","name":"projects/tarbiyah-sms-staging/locations/northamerica-northeast1/functions/sendScheduledSms","eventTrigger":{"eventType":"google.pubsub.topic.publish","resource":"projects/tarbiyah-sms-staging/topics/firebase-schedule-sendScheduledSms-northamerica-northeast1","failurePolicy":{}},"entryPoint":"sendScheduledSms","updateTime":"1970-01-01T00:00:00Z","labels":{"deployment-tool":"cli-firebase","deployment-scheduled":"true","firebase-functions-hash":"44e7bc27ce27850779f965de3db6130f74c5efde"},"sourceUploadUrl":"https://storage.googleapis.com/uploads-263940717930.northamerica-northeast1.cloudfunctions.appspot.com/73c749ae-fc57-4389-8d88-51128e883a5b.zip?GoogleAccessId=service-189187309865@gcf-admin-robot.iam.gserviceaccount.com&Expires=1769136168&Signature=dL%2BnhdRCji0dPFZ5Jf%2FwpY9eZkgQcv5tnhJ61oiBrO4jAaLI%2BMmNrCEg5YDumYE2P%2BVtedDATbU5hqYbOPgU9iShEhdp%2FEMEN8m%2BhFkuXK4%2Fd1mCVvNwQmN6vgSwZPCj28yQTC1SaxLSQ7Ea5wB2egHfwQl3CFIP0S8jLxn%2B11cjI%2BfxuSG%2BuNqn7jtuelNNgshQuFyL47bSBymsC8AKDxgzCnKAUmpdGs97GcTcl7D2KNjjpPI%2F%2F%2BwatCUdF0lSOPP1qYcPTtDkcrVBCflumFoLsllxmcYxH253aywth4FMnMHzwv9xDLwtNfmUEKdRxKUki%2FtoxgKl7qRsDzurIA%3D%3D","environmentVariables":{"FIREBASE_CONFIG":"{\"projectId\":\"tarbiyah-sms-staging\",\"storageBucket\":\"tarbiyah-sms-staging.firebasestorage.app\"}","GCLOUD_PROJECT":"tarbiyah-sms-staging","EVENTARC_CLOUD_EVENT_SOURCE":"projects/tarbiyah-sms-staging/locations/northamerica-northeast1/functions/sendScheduledSms"},"runtime":"nodejs20","buildEnvironmentVariables":{"GOOGLE_NODE_RUN_SCRIPTS":""},"dockerRegistry":"ARTIFACT_REGISTRY"},"versionId":"1","updateTime":"2026-01-23T02:12:49.250684852Z"}}
[debug] [2026-01-23T02:13:05.731Z] [create-default-northamerica-northeast1-sendScheduledSms] Retrying task index 0
[debug] [2026-01-23T02:13:05.732Z] Checked if tokens are valid: true, expires at: 1769137042708
[debug] [2026-01-23T02:13:05.732Z] Checked if tokens are valid: true, expires at: 1769137042708
[debug] [2026-01-23T02:13:05.733Z] >>> [apiv2][query] GET https://cloudfunctions.googleapis.com/v1/operations/cHJvamVjdHMvdGFyYml5YWgtc21zLXN0YWdpbmcvbG9jYXRpb25zL25vcnRoYW1lcmljYS1ub3J0aGVhc3QxL29wZXJhdGlvbnMvb3BlcmF0aW9uLTE3NjkxMzQzNjg3MTMtNjQ5MDRiMTliNmIxMS03N2Q3NTBhMi01MDhjYjRmMA [none]
[debug] [2026-01-23T02:13:05.882Z] <<< [apiv2][status] GET https://cloudfunctions.googleapis.com/v1/operations/cHJvamVjdHMvdGFyYml5YWgtc21zLXN0YWdpbmcvbG9jYXRpb25zL25vcnRoYW1lcmljYS1ub3J0aGVhc3QxL29wZXJhdGlvbnMvb3BlcmF0aW9uLTE3NjkxMzQzNjg3MTMtNjQ5MDRiMTliNmIxMS03N2Q3NTBhMi01MDhjYjRmMA 200
[debug] [2026-01-23T02:13:05.882Z] <<< [apiv2][body] GET https://cloudfunctions.googleapis.com/v1/operations/cHJvamVjdHMvdGFyYml5YWgtc21zLXN0YWdpbmcvbG9jYXRpb25zL25vcnRoYW1lcmljYS1ub3J0aGVhc3QxL29wZXJhdGlvbnMvb3BlcmF0aW9uLTE3NjkxMzQzNjg3MTMtNjQ5MDRiMTliNmIxMS03N2Q3NTBhMi01MDhjYjRmMA {"name":"operations/cHJvamVjdHMvdGFyYml5YWgtc21zLXN0YWdpbmcvbG9jYXRpb25zL25vcnRoYW1lcmljYS1ub3J0aGVhc3QxL29wZXJhdGlvbnMvb3BlcmF0aW9uLTE3NjkxMzQzNjg3MTMtNjQ5MDRiMTliNmIxMS03N2Q3NTBhMi01MDhjYjRmMA","metadata":{"@type":"type.googleapis.com/google.cloud.functions.v1.OperationMetadataV1","target":"projects/tarbiyah-sms-staging/locations/northamerica-northeast1/functions/sendScheduledSms","type":"CREATE_FUNCTION","request":{"@type":"type.googleapis.com/google.cloud.functions.v1.CloudFunction","name":"projects/tarbiyah-sms-staging/locations/northamerica-northeast1/functions/sendScheduledSms","eventTrigger":{"eventType":"google.pubsub.topic.publish","resource":"projects/tarbiyah-sms-staging/topics/firebase-schedule-sendScheduledSms-northamerica-northeast1","failurePolicy":{}},"entryPoint":"sendScheduledSms","updateTime":"1970-01-01T00:00:00Z","labels":{"deployment-tool":"cli-firebase","deployment-scheduled":"true","firebase-functions-hash":"44e7bc27ce27850779f965de3db6130f74c5efde"},"sourceUploadUrl":"https://storage.googleapis.com/uploads-263940717930.northamerica-northeast1.cloudfunctions.appspot.com/73c749ae-fc57-4389-8d88-51128e883a5b.zip?GoogleAccessId=service-189187309865@gcf-admin-robot.iam.gserviceaccount.com&Expires=1769136168&Signature=dL%2BnhdRCji0dPFZ5Jf%2FwpY9eZkgQcv5tnhJ61oiBrO4jAaLI%2BMmNrCEg5YDumYE2P%2BVtedDATbU5hqYbOPgU9iShEhdp%2FEMEN8m%2BhFkuXK4%2Fd1mCVvNwQmN6vgSwZPCj28yQTC1SaxLSQ7Ea5wB2egHfwQl3CFIP0S8jLxn%2B11cjI%2BfxuSG%2BuNqn7jtuelNNgshQuFyL47bSBymsC8AKDxgzCnKAUmpdGs97GcTcl7D2KNjjpPI%2F%2F%2BwatCUdF0lSOPP1qYcPTtDkcrVBCflumFoLsllxmcYxH253aywth4FMnMHzwv9xDLwtNfmUEKdRxKUki%2FtoxgKl7qRsDzurIA%3D%3D","environmentVariables":{"FIREBASE_CONFIG":"{\"projectId\":\"tarbiyah-sms-staging\",\"storageBucket\":\"tarbiyah-sms-staging.firebasestorage.app\"}","GCLOUD_PROJECT":"tarbiyah-sms-staging","EVENTARC_CLOUD_EVENT_SOURCE":"projects/tarbiyah-sms-staging/locations/northamerica-northeast1/functions/sendScheduledSms"},"runtime":"nodejs20","buildEnvironmentVariables":{"GOOGLE_NODE_RUN_SCRIPTS":""},"dockerRegistry":"ARTIFACT_REGISTRY"},"versionId":"1","updateTime":"2026-01-23T02:12:49.250684852Z"}}
[debug] [2026-01-23T02:13:15.884Z] [create-default-northamerica-northeast1-sendScheduledSms] Retrying task index 0
[debug] [2026-01-23T02:13:15.885Z] Checked if tokens are valid: true, expires at: 1769137042708
[debug] [2026-01-23T02:13:15.885Z] Checked if tokens are valid: true, expires at: 1769137042708
[debug] [2026-01-23T02:13:15.886Z] >>> [apiv2][query] GET https://cloudfunctions.googleapis.com/v1/operations/cHJvamVjdHMvdGFyYml5YWgtc21zLXN0YWdpbmcvbG9jYXRpb25zL25vcnRoYW1lcmljYS1ub3J0aGVhc3QxL29wZXJhdGlvbnMvb3BlcmF0aW9uLTE3NjkxMzQzNjg3MTMtNjQ5MDRiMTliNmIxMS03N2Q3NTBhMi01MDhjYjRmMA [none]
[debug] [2026-01-23T02:13:16.074Z] <<< [apiv2][status] GET https://cloudfunctions.googleapis.com/v1/operations/cHJvamVjdHMvdGFyYml5YWgtc21zLXN0YWdpbmcvbG9jYXRpb25zL25vcnRoYW1lcmljYS1ub3J0aGVhc3QxL29wZXJhdGlvbnMvb3BlcmF0aW9uLTE3NjkxMzQzNjg3MTMtNjQ5MDRiMTliNmIxMS03N2Q3NTBhMi01MDhjYjRmMA 200
[debug] [2026-01-23T02:13:16.074Z] <<< [apiv2][body] GET https://cloudfunctions.googleapis.com/v1/operations/cHJvamVjdHMvdGFyYml5YWgtc21zLXN0YWdpbmcvbG9jYXRpb25zL25vcnRoYW1lcmljYS1ub3J0aGVhc3QxL29wZXJhdGlvbnMvb3BlcmF0aW9uLTE3NjkxMzQzNjg3MTMtNjQ5MDRiMTliNmIxMS03N2Q3NTBhMi01MDhjYjRmMA {"name":"operations/cHJvamVjdHMvdGFyYml5YWgtc21zLXN0YWdpbmcvbG9jYXRpb25zL25vcnRoYW1lcmljYS1ub3J0aGVhc3QxL29wZXJhdGlvbnMvb3BlcmF0aW9uLTE3NjkxMzQzNjg3MTMtNjQ5MDRiMTliNmIxMS03N2Q3NTBhMi01MDhjYjRmMA","metadata":{"@type":"type.googleapis.com/google.cloud.functions.v1.OperationMetadataV1","target":"projects/tarbiyah-sms-staging/locations/northamerica-northeast1/functions/sendScheduledSms","type":"CREATE_FUNCTION","request":{"@type":"type.googleapis.com/google.cloud.functions.v1.CloudFunction","name":"projects/tarbiyah-sms-staging/locations/northamerica-northeast1/functions/sendScheduledSms","eventTrigger":{"eventType":"google.pubsub.topic.publish","resource":"projects/tarbiyah-sms-staging/topics/firebase-schedule-sendScheduledSms-northamerica-northeast1","failurePolicy":{}},"entryPoint":"sendScheduledSms","updateTime":"1970-01-01T00:00:00Z","labels":{"deployment-tool":"cli-firebase","deployment-scheduled":"true","firebase-functions-hash":"44e7bc27ce27850779f965de3db6130f74c5efde"},"sourceUploadUrl":"https://storage.googleapis.com/uploads-263940717930.northamerica-northeast1.cloudfunctions.appspot.com/73c749ae-fc57-4389-8d88-51128e883a5b.zip?GoogleAccessId=service-189187309865@gcf-admin-robot.iam.gserviceaccount.com&Expires=1769136168&Signature=dL%2BnhdRCji0dPFZ5Jf%2FwpY9eZkgQcv5tnhJ61oiBrO4jAaLI%2BMmNrCEg5YDumYE2P%2BVtedDATbU5hqYbOPgU9iShEhdp%2FEMEN8m%2BhFkuXK4%2Fd1mCVvNwQmN6vgSwZPCj28yQTC1SaxLSQ7Ea5wB2egHfwQl3CFIP0S8jLxn%2B11cjI%2BfxuSG%2BuNqn7jtuelNNgshQuFyL47bSBymsC8AKDxgzCnKAUmpdGs97GcTcl7D2KNjjpPI%2F%2F%2BwatCUdF0lSOPP1qYcPTtDkcrVBCflumFoLsllxmcYxH253aywth4FMnMHzwv9xDLwtNfmUEKdRxKUki%2FtoxgKl7qRsDzurIA%3D%3D","environmentVariables":{"FIREBASE_CONFIG":"{\"projectId\":\"tarbiyah-sms-staging\",\"storageBucket\":\"tarbiyah-sms-staging.firebasestorage.app\"}","GCLOUD_PROJECT":"tarbiyah-sms-staging","EVENTARC_CLOUD_EVENT_SOURCE":"projects/tarbiyah-sms-staging/locations/northamerica-northeast1/functions/sendScheduledSms"},"runtime":"nodejs20","buildEnvironmentVariables":{"GOOGLE_NODE_RUN_SCRIPTS":""},"dockerRegistry":"ARTIFACT_REGISTRY"},"versionId":"1","updateTime":"2026-01-23T02:12:49.250684852Z","buildId":"b988b5dd-d30e-48c1-9ee8-41b29e889538","buildName":"projects/189187309865/locations/northamerica-northeast1/builds/b988b5dd-d30e-48c1-9ee8-41b29e889538"}}
